2023-07-18 16:03:55.840 [info] Log level: Info
2023-07-18 16:03:55.840 [info] Validating found git in: "git"
2023-07-18 16:03:55.840 [info] Using git "2.34.1" from "git"
2023-07-18 16:03:55.840 [info] > git rev-parse --show-toplevel [274ms]
2023-07-18 16:03:55.840 [info] fatal: not a git repository (or any of the parent directories): .git
2023-07-18 16:03:55.840 [info] > git rev-parse --show-toplevel [356ms]
2023-07-18 16:03:55.840 [info] fatal: not a git repository (or any of the parent directories): .git
2023-07-18 16:03:55.842 [info] > git rev-parse --show-toplevel [20ms]
2023-07-18 16:03:55.842 [info] fatal: not a git repository (or any of the parent directories): .git
2023-07-18 16:03:55.891 [info] > git rev-parse --show-toplevel [16ms]
2023-07-18 16:03:55.891 [info] fatal: not a git repository (or any of the parent directories): .git
2023-07-18 16:07:28.367 [info] > git rev-parse --show-toplevel [80ms]
2023-07-18 16:07:28.371 [info] fatal: not a git repository (or any of the parent directories): .git
2023-07-18 16:27:01.938 [info] > git rev-parse --show-toplevel [13ms]
2023-07-18 16:27:01.978 [info] > git rev-parse --git-dir --git-common-dir [2ms]
2023-07-18 16:27:02.143 [info] Open repository: /home/diego/.nvm
2023-07-18 16:27:02.184 [info] > git config --get commit.template [6ms]
2023-07-18 16:27:02.210 [info] > git for-each-ref --format %(refname) %(objectname) %(*objectname) refs/tags [8ms]
2023-07-18 16:27:02.250 [info] > git status -z -uall [15ms]
2023-07-18 16:27:02.329 [info] > git config --get commit.template [15ms]
2023-07-18 16:27:02.331 [info] > git for-each-ref --format %(refname) %(objectname) %(*objectname) refs/tags [5ms]
2023-07-18 16:27:02.347 [info] > git status -z -uall [5ms]
2023-07-18 16:29:01.587 [info] > git check-ignore -v -z --stdin [6ms]
2023-07-18 17:09:01.940 [info] > git rev-parse --show-toplevel [25ms]
2023-07-18 17:09:02.012 [info] > git rev-parse --git-dir --git-common-dir [4ms]
2023-07-18 17:09:02.162 [info] Open repository: /home/diego
2023-07-18 17:09:02.239 [info] > git config --get commit.template [7ms]
2023-07-18 17:09:02.299 [info] No remotes found in the git config file.
2023-07-18 17:09:02.303 [info] > git for-each-ref --format=%(refname)%00%(upstream:short)%00%(objectname)%00%(upstream:track)%00%(upstream:remotename)%00%(upstream:remoteref) refs/heads/master refs/remotes/master [8ms]
2023-07-18 17:09:04.088 [info] > git status -z -uall [1718ms]
2023-07-18 17:09:05.978 [info] > git config --get commit.template [48ms]
2023-07-18 17:09:05.994 [info] No remotes found in the git config file.
2023-07-18 17:09:05.995 [info] > git for-each-ref --format=%(refname)%00%(upstream:short)%00%(objectname)%00%(upstream:track)%00%(upstream:remotename)%00%(upstream:remoteref) refs/heads/master refs/remotes/master [2ms]
2023-07-18 17:09:06.103 [info] > git status -z -uall [88ms]
2023-07-18 17:10:01.632 [info] > git check-ignore -v -z --stdin [21ms]
2023-07-18 17:10:01.639 [info] > git check-ignore -v -z --stdin [12ms]
2023-07-18 17:11:01.162 [info] > git show --textconv :web.html [18ms]
2023-07-18 17:11:01.171 [info] > git ls-files --stage -- /home/diego/web.html [10ms]
2023-07-18 17:11:01.191 [info] > git cat-file -s a369ce055b0129fa84d0ec8e935d2f668da39f69 [4ms]
2023-07-18 17:13:01.592 [info] > git check-ignore -v -z --stdin [3ms]
2023-07-18 17:24:41.787 [info] > git config --get commit.template [147ms]
2023-07-18 17:24:41.790 [info] > git ls-files --stage -- /home/diego/web.html [10ms]
2023-07-18 17:24:41.813 [info] > git config --get commit.template [99ms]
2023-07-18 17:24:41.847 [info] > git cat-file -s a369ce055b0129fa84d0ec8e935d2f668da39f69 [35ms]
2023-07-18 17:24:41.850 [info] > git for-each-ref --format=%(refname)%00%(upstream:short)%00%(objectname)%00%(upstream:track)%00%(upstream:remotename)%00%(upstream:remoteref) refs/heads/master refs/remotes/master [5ms]
2023-07-18 17:24:41.865 [info] > git for-each-ref --format %(refname) %(objectname) %(*objectname) refs/tags [37ms]
2023-07-18 17:24:41.910 [info] > git show --textconv :web.html [2ms]
2023-07-18 17:24:41.972 [info] > git status -z -uall [87ms]
2023-07-18 17:24:42.121 [info] > git status -z -uall [257ms]
2023-07-18 17:24:47.453 [info] > git config --get commit.template [24ms]
2023-07-18 17:24:47.454 [info] > git for-each-ref --format=%(refname)%00%(upstream:short)%00%(objectname)%00%(upstream:track)%00%(upstream:remotename)%00%(upstream:remoteref) refs/heads/master refs/remotes/master [6ms]
2023-07-18 17:24:47.510 [info] > git status -z -uall [40ms]
2023-07-18 17:24:52.614 [info] > git config --get commit.template [2ms]
2023-07-18 17:24:52.628 [info] > git for-each-ref --format=%(refname)%00%(upstream:short)%00%(objectname)%00%(upstream:track)%00%(upstream:remotename)%00%(upstream:remoteref) refs/heads/master refs/remotes/master [1ms]
2023-07-18 17:24:52.666 [info] > git status -z -uall [26ms]
2023-07-18 17:24:57.762 [info] > git config --get commit.template [1ms]
2023-07-18 17:24:57.778 [info] > git for-each-ref --format=%(refname)%00%(upstream:short)%00%(objectname)%00%(upstream:track)%00%(upstream:remotename)%00%(upstream:remoteref) refs/heads/master refs/remotes/master [2ms]
2023-07-18 17:24:57.815 [info] > git status -z -uall [23ms]
2023-07-18 17:25:02.935 [info] > git config --get commit.template [4ms]
2023-07-18 17:25:02.951 [info] > git for-each-ref --format=%(refname)%00%(upstream:short)%00%(objectname)%00%(upstream:track)%00%(upstream:remotename)%00%(upstream:remoteref) refs/heads/master refs/remotes/master [2ms]
2023-07-18 17:25:03.007 [info] > git status -z -uall [42ms]
2023-07-18 17:25:08.163 [info] > git config --get commit.template [6ms]
2023-07-18 17:25:08.187 [info] > git for-each-ref --format=%(refname)%00%(upstream:short)%00%(objectname)%00%(upstream:track)%00%(upstream:remotename)%00%(upstream:remoteref) refs/heads/master refs/remotes/master [2ms]
2023-07-18 17:25:08.257 [info] > git status -z -uall [41ms]
2023-07-18 17:25:13.381 [info] > git config --get commit.template [27ms]
2023-07-18 17:25:13.384 [info] > git for-each-ref --format=%(refname)%00%(upstream:short)%00%(objectname)%00%(upstream:track)%00%(upstream:remotename)%00%(upstream:remoteref) refs/heads/master refs/remotes/master [7ms]
2023-07-18 17:25:13.476 [info] > git status -z -uall [72ms]
