2023-07-18 16:03:51.670 [info] Extension host with pid 133 started
2023-07-18 16:03:52.195 [info] ExtensionService#_doActivateExtension vscode.emmet, startup: false, activationEvent: 'onLanguage'
2023-07-18 16:03:52.208 [info] ExtensionService#_doActivateExtension vscode.html-language-features, startup: false, activationEvent: 'onLanguage:html'
2023-07-18 16:03:52.774 [info] Lock '/home/diego/.vscode-server/data/User/workspaceStorage/fadc396413f633c7d67c3e702c3816ad/vscode.lock': Lock acquired.
2023-07-18 16:03:53.457 [info] ExtensionService#_doActivateExtension vscode.git-base, startup: true, activationEvent: '*', root cause: vscode.git
2023-07-18 16:03:53.618 [info] ExtensionService#_doActivateExtension vscode.git, startup: true, activationEvent: '*'
2023-07-18 16:03:53.629 [info] ExtensionService#_doActivateExtension vscode.github, startup: true, activationEvent: '*'
2023-07-18 16:03:55.050 [info] Eager extensions activated
2023-07-18 16:03:55.051 [info] ExtensionService#_doActivateExtension vscode.debug-auto-launch, startup: false, activationEvent: 'onStartupFinished'
2023-07-18 16:03:55.052 [info] ExtensionService#_doActivateExtension vscode.merge-conflict, startup: false, activationEvent: 'onStartupFinished'
2023-07-18 16:03:55.052 [info] ExtensionService#_doActivateExtension yandeu.five-server, startup: false, activationEvent: 'onStartupFinished'
2023-07-18 17:09:04.562 [warning] [Decorations] CAPPING events from decorations provider vscode.git 3198
2023-07-18 17:09:06.237 [warning] [Decorations] CAPPING events from decorations provider vscode.git 3198
2023-07-18 17:24:42.232 [warning] [Decorations] CAPPING events from decorations provider vscode.git 3201
2023-07-18 17:24:47.580 [warning] [Decorations] CAPPING events from decorations provider vscode.git 3200
2023-07-18 17:24:52.725 [warning] [Decorations] CAPPING events from decorations provider vscode.git 3200
2023-07-18 17:24:57.879 [warning] [Decorations] CAPPING events from decorations provider vscode.git 3200
2023-07-18 17:25:03.095 [warning] [Decorations] CAPPING events from decorations provider vscode.git 3200
2023-07-18 17:25:08.319 [warning] [Decorations] CAPPING events from decorations provider vscode.git 3202
2023-07-18 17:25:13.647 [warning] [Decorations] CAPPING events from decorations provider vscode.git 3202
