2023-07-17 20:12:43.754 [info] Extension host with pid 2488 started
2023-07-17 20:12:43.937 [info] Lock '/home/diego/.vscode-server/data/User/workspaceStorage/fadc396413f633c7d67c3e702c3816ad/vscode.lock': Lock acquired.
2023-07-17 20:12:44.875 [info] ExtensionService#_doActivateExtension vscode.html-language-features, startup: false, activationEvent: 'onLanguage:html'
2023-07-17 20:12:44.890 [info] ExtensionService#_doActivateExtension vscode.emmet, startup: false, activationEvent: 'onLanguage'
2023-07-17 20:12:46.149 [info] ExtensionService#_doActivateExtension vscode.git-base, startup: true, activationEvent: '*', root cause: vscode.git
2023-07-17 20:12:46.660 [info] ExtensionService#_doActivateExtension vscode.git, startup: true, activationEvent: '*'
2023-07-17 20:12:46.661 [info] ExtensionService#_doActivateExtension vscode.github, startup: true, activationEvent: '*'
2023-07-17 20:12:48.216 [info] Eager extensions activated
2023-07-17 20:12:48.218 [info] ExtensionService#_doActivateExtension vscode.debug-auto-launch, startup: false, activationEvent: 'onStartupFinished'
2023-07-17 20:12:48.220 [info] ExtensionService#_doActivateExtension vscode.merge-conflict, startup: false, activationEvent: 'onStartupFinished'
2023-07-17 20:12:48.226 [info] ExtensionService#_doActivateExtension ritwickdey.LiveServer, startup: false, activationEvent: 'onStartupFinished'
2023-07-17 20:20:10.606 [info] ExtensionService#_doActivateExtension vscode.json-language-features, startup: false, activationEvent: 'onLanguage:jsonc'
2023-07-17 20:20:10.622 [info] ExtensionService#_doActivateExtension vscode.typescript-language-features, startup: false, activationEvent: 'onLanguage:jsonc'
2023-07-17 20:20:21.650 [error] Error: spawn google-chrome ENOENT
	at Process.ChildProcess._handle.onexit (node:internal/child_process:283:19)
	at onErrorNT (node:internal/child_process:478:16)
	at processTicksAndRejections (node:internal/process/task_queues:83:21)
2023-07-17 20:20:26.175 [error] Error: spawn google-chrome ENOENT
	at Process.ChildProcess._handle.onexit (node:internal/child_process:283:19)
	at onErrorNT (node:internal/child_process:478:16)
	at processTicksAndRejections (node:internal/process/task_queues:83:21)
2023-07-17 20:20:33.796 [info] Extension host terminating: received terminate message from renderer
2023-07-17 20:20:33.799 [info] Lock '/home/diego/.vscode-server/data/User/workspaceStorage/fadc396413f633c7d67c3e702c3816ad/vscode.lock': Marking the lockfile as scheduled to be released in 6000 ms.
2023-07-17 20:20:34.721 [info] Extension host with pid 2488 exiting with code 0
