2023-07-17 20:20:55.337 [info] Extension host with pid 2723 started
2023-07-17 20:20:55.830 [info] ExtensionService#_doActivateExtension vscode.emmet, startup: false, activationEvent: 'onLanguage'
2023-07-17 20:20:55.838 [info] ExtensionService#_doActivateExtension vscode.html-language-features, startup: false, activationEvent: 'onLanguage:html'
2023-07-17 20:20:56.598 [info] Lock '/home/diego/.vscode-server/data/User/workspaceStorage/fadc396413f633c7d67c3e702c3816ad/vscode.lock': Lock acquired.
2023-07-17 20:20:57.079 [info] ExtensionService#_doActivateExtension vscode.git-base, startup: true, activationEvent: '*', root cause: vscode.git
2023-07-17 20:20:57.221 [info] ExtensionService#_doActivateExtension vscode.git, startup: true, activationEvent: '*'
2023-07-17 20:20:57.222 [info] ExtensionService#_doActivateExtension vscode.github, startup: true, activationEvent: '*'
2023-07-17 20:20:58.338 [info] Eager extensions activated
2023-07-17 20:20:58.392 [info] ExtensionService#_doActivateExtension vscode.debug-auto-launch, startup: false, activationEvent: 'onStartupFinished'
2023-07-17 20:20:58.394 [info] ExtensionService#_doActivateExtension vscode.merge-conflict, startup: false, activationEvent: 'onStartupFinished'
2023-07-17 20:20:58.396 [info] ExtensionService#_doActivateExtension ritwickdey.LiveServer, startup: false, activationEvent: 'onStartupFinished'
2023-07-17 20:21:11.224 [error] Error: spawn google-chrome ENOENT
	at Process.ChildProcess._handle.onexit (node:internal/child_process:283:19)
	at onErrorNT (node:internal/child_process:478:16)
	at processTicksAndRejections (node:internal/process/task_queues:83:21)
2023-07-17 20:21:25.973 [error] Error: spawn google-chrome ENOENT
	at Process.ChildProcess._handle.onexit (node:internal/child_process:283:19)
	at onErrorNT (node:internal/child_process:478:16)
	at processTicksAndRejections (node:internal/process/task_queues:83:21)
2023-07-17 20:27:59.873 [info] ExtensionService#_doActivateExtension vscode.json-language-features, startup: false, activationEvent: 'onLanguage:jsonc'
2023-07-17 20:27:59.882 [info] ExtensionService#_doActivateExtension vscode.typescript-language-features, startup: false, activationEvent: 'onLanguage:jsonc'
2023-07-17 20:32:14.702 [error] Error: spawn google-chrome ENOENT
	at Process.ChildProcess._handle.onexit (node:internal/child_process:283:19)
	at onErrorNT (node:internal/child_process:478:16)
	at processTicksAndRejections (node:internal/process/task_queues:83:21)
2023-07-17 20:32:43.558 [error] Error: spawn google-chrome ENOENT
	at Process.ChildProcess._handle.onexit (node:internal/child_process:283:19)
	at onErrorNT (node:internal/child_process:478:16)
	at processTicksAndRejections (node:internal/process/task_queues:83:21)
2023-07-17 20:34:28.406 [info] ExtensionService#_doActivateExtension yandeu.five-server, startup: false, activationEvent: 'onStartupFinished'
2023-07-17 20:34:37.300 [error] Error: spawn google-chrome ENOENT
	at Process.ChildProcess._handle.onexit (node:internal/child_process:283:19)
	at onErrorNT (node:internal/child_process:478:16)
	at processTicksAndRejections (node:internal/process/task_queues:83:21)
2023-07-17 20:34:43.045 [error] Error: spawn google-chrome ENOENT
	at Process.ChildProcess._handle.onexit (node:internal/child_process:283:19)
	at onErrorNT (node:internal/child_process:478:16)
	at processTicksAndRejections (node:internal/process/task_queues:83:21)
2023-07-17 20:34:46.616 [info] Extension host terminating: received terminate message from renderer
2023-07-17 20:34:46.627 [info] Lock '/home/diego/.vscode-server/data/User/workspaceStorage/fadc396413f633c7d67c3e702c3816ad/vscode.lock': Marking the lockfile as scheduled to be released in 6000 ms.
2023-07-17 20:34:47.507 [info] Extension host with pid 2723 exiting with code 0
