2023-07-17 20:20:58.849 [info] Log level: Info
2023-07-17 20:20:58.849 [info] Validating found git in: "git"
2023-07-17 20:20:58.849 [info] Using git "2.34.1" from "git"
2023-07-17 20:20:58.849 [info] > git rev-parse --show-toplevel [233ms]
2023-07-17 20:20:58.849 [info] fatal: not a git repository (or any of the parent directories): .git
2023-07-17 20:20:58.849 [info] > git rev-parse --show-toplevel [184ms]
2023-07-17 20:20:58.849 [info] fatal: not a git repository (or any of the parent directories): .git
2023-07-17 20:20:58.849 [info] > git rev-parse --show-toplevel [12ms]
2023-07-17 20:20:58.849 [info] fatal: not a git repository (or any of the parent directories): .git
2023-07-17 20:20:58.849 [info] > git rev-parse --show-toplevel [6ms]
2023-07-17 20:20:58.849 [info] fatal: not a git repository (or any of the parent directories): .git
2023-07-17 20:28:00.711 [info] > git rev-parse --show-toplevel [119ms]
2023-07-17 20:28:00.712 [info] fatal: not a git repository (or any of the parent directories): .git
2023-07-17 20:28:56.211 [info] > git rev-parse --show-toplevel [4ms]
2023-07-17 20:28:56.211 [info] fatal: not a git repository (or any of the parent directories): .git
2023-07-17 20:30:04.829 [info] > git rev-parse --show-toplevel [4ms]
2023-07-17 20:30:04.830 [info] fatal: not a git repository (or any of the parent directories): .git
2023-07-17 20:31:21.251 [info] > git rev-parse --show-toplevel [3ms]
2023-07-17 20:31:21.251 [info] fatal: not a git repository (or any of the parent directories): .git
2023-07-17 20:31:24.790 [info] > git rev-parse --show-toplevel [7ms]
2023-07-17 20:31:24.790 [info] fatal: not a git repository (or any of the parent directories): .git
2023-07-17 20:34:28.096 [info] > git rev-parse --show-toplevel [20ms]
2023-07-17 20:34:28.097 [info] fatal: not a git repository (or any of the parent directories): .git
2023-07-17 20:34:32.949 [info] > git rev-parse --show-toplevel [4ms]
2023-07-17 20:34:32.954 [info] fatal: not a git repository (or any of the parent directories): .git
